<?xml version="1.0" encoding="UTF-8"?>
<!-- Generated by org.testng.reporters.JUnitReportReporter -->
<testsuite hostname="Govind" failures="0" tests="1" name="TestCase.TestCase1" time="10.726" errors="0" timestamp="2023-12-21T09:24:15 IST" skipped="0">
  <testcase classname="TestCase.TestCase1" name="LaunchingTheUrl" time="10.726"/>
  <system-out/>
</testsuite> <!-- TestCase.TestCase1 -->
